<?xml version="1.0" encoding="UTF-8" ?>
<testsuite tests="4" failures="0" name="runner.TestRunner" time="24.752" errors="0" skipped="0">
  <properties>
    <property name="JOB_NAME" value="MyteckTestProject"/>
    <property name="java.vendor" value="Oracle Corporation"/>
    <property name="sun.java.launcher" value="SUN_STANDARD"/>
    <property name="RUN_TESTS_DISPLAY_URL" value="http://localhost:8080/job/MyteckTestProject/1/display/redirect?page=tests"/>
    <property name="NUMBER_OF_PROCESSORS" value="12"/>
    <property name="sun.management.compiler" value="HotSpot 64-Bit Tiered Compilers"/>
    <property name="JENKINS_HOME" value="C:\Users\KhaledBEDOUI\.jenkins"/>
    <property name="HUDSON_SERVER_COOKIE" value="32618f63525155ba"/>
    <property name="os.name" value="Windows 10"/>
    <property name="EXECUTOR_NUMBER" value="0"/>
    <property name="user.country.format" value="US"/>
    <property name="PATHEXT" value=".COM;.EXE;.BAT;.CMD;.VBS;.VBE;.JS;.JSE;.WSF;.WSH;.MSC"/>
    <property name="java.vm.specification.vendor" value="Oracle Corporation"/>
    <property name="TEMP" value="C:\Users\KHALED~1\AppData\Local\Temp"/>
    <property name="NODE_LABELS" value="built-in"/>
    <property name="java.runtime.version" value="17.0.5+9-LTS-191"/>
    <property name="IntelliJ IDEA Community Edition" value="C:\Users\KhaledBEDOUI\AppData\Local\JetBrains\IntelliJ IDEA Community Edition 2022.3.1\bin;"/>
    <property name="user.name" value="KhaledBEDOUI"/>
    <property name="user.language.format" value="en"/>
    <property name="guice.disable.misplaced.annotation.check" value="true"/>
    <property name="CommonProgramW6432" value="C:\Program Files\Common Files"/>
    <property name="ProgramFiles" value="C:\Program Files"/>
    <property name="PROMPT" value="$P$G"/>
    <property name="user.language" value="fr"/>
    <property name="JOB_BASE_NAME" value="MyteckTestProject"/>
    <property name="RUN_CHANGES_DISPLAY_URL" value="http://localhost:8080/job/MyteckTestProject/1/display/redirect?page=changes"/>
    <property name="BUILD_DISPLAY_NAME" value="#1"/>
    <property name="OneDrive" value="C:\Users\KhaledBEDOUI\OneDrive - Mobelite"/>
    <property name="sun.boot.library.path" value="C:\Program Files\Java\jdk-17.0.5\bin"/>
    <property name="OneDriveCommercial" value="C:\Users\KhaledBEDOUI\OneDrive - Mobelite"/>
    <property name="java.vm.compressedOopsMode" value="Zero based"/>
    <property name="LOCALAPPDATA" value="C:\Users\KhaledBEDOUI\AppData\Local"/>
    <property name="java.version" value="17.0.5"/>
    <property name="user.timezone" value="Africa/Tunis"/>
    <property name="PROCESSOR_LEVEL" value="6"/>
    <property name="USERNAME" value="KhaledBEDOUI"/>
    <property name="sun.arch.data.model" value="64"/>
    <property name="NODE_NAME" value="built-in"/>
    <property name="BUILD_ID" value="1"/>
    <property name="sun.cpu.isalist" value="amd64"/>
    <property name="sun.jnu.encoding" value="Cp1252"/>
    <property name="maven.conf" value="C:\Maven\apache-maven-3.8.8\conf"/>
    <property name="HOMEDRIVE" value="C:"/>
    <property name="file.separator" value="\"/>
    <property name="java.specification.name" value="Java Platform API Specification"/>
    <property name="java.class.version" value="61.0"/>
    <property name="IGCCSVC_DB" value="AQAAANCMnd8BFdERjHoAwE/Cl+sBAAAAC+0pq34+cEKU0VmeMDLozQQAAAACAAAAAAAQZgAAAAEAACAAAABDI72FUUTwOPkoqvna35Xy8ROMG1vqeFOwM6nMqK51bwAAAAAOgAAAAAIAACAAAAC3Cf0neoO0R6tKRuiXK5/6mgPuHini9w9nONQwk5lUg2AAAAAobzLv1L/2Fi9WgpHgEBvnQuSA+kfa+zFmg7YApegT0WhRuGjVmvnxWunB7mI0RxisPvce8/ektNpNOByC7kQMUF8dP7BVIuY/2hD+YMM0IrCtOIPimRQToE8Off2EfPVAAAAA0owUR5JZBmlXJo9eOjXsCQ2GZwJgfuGq+DJUyQ1h9C4QhW2skk6Z1jmdDub52H3GY11XDp9axfNTLbdaDzVYkA=="/>
    <property name="=::" value="::\"/>
    <property name="org.slf4j.simpleLogger.defaultLogLevel" value="info"/>
    <property name="user.country" value="FR"/>
    <property name="ALLUSERSPROFILE" value="C:\ProgramData"/>
    <property name="java.home" value="C:\Program Files\Java\jdk-17.0.5"/>
    <property name="java.vm.info" value="mixed mode, sharing"/>
    <property name="os.version" value="10.0"/>
    <property name="RUN_DISPLAY_URL" value="http://localhost:8080/job/MyteckTestProject/1/display/redirect"/>
    <property name="TMP" value="C:\Users\KHALED~1\AppData\Local\Temp"/>
    <property name="path.separator" value=";"/>
    <property name="RUN_ARTIFACTS_DISPLAY_URL" value="http://localhost:8080/job/MyteckTestProject/1/display/redirect?page=artifacts"/>
    <property name="java.vm.version" value="17.0.5+9-LTS-191"/>
    <property name="user.variant" value=""/>
    <property name="CommonProgramFiles(x86)" value="C:\Program Files (x86)\Common Files"/>
    <property name="JOB_DISPLAY_URL" value="http://localhost:8080/job/MyteckTestProject/display/redirect"/>
    <property name="USERDOMAIN_ROAMINGPROFILE" value="AzureAD"/>
    <property name="CommonProgramFiles" value="C:\Program Files\Common Files"/>
    <property name="sun.io.unicode.encoding" value="UnicodeLittle"/>
    <property name="JAVA_HOME" value="C:\Program Files\Java\jdk1.8.0_361"/>
    <property name="ComSpec" value="C:\Windows\system32\cmd.exe"/>
    <property name="HOMEPATH" value="\Users\KhaledBEDOUI"/>
    <property name="COMPUTERNAME" value="DESKTOP-10F2RV2"/>
    <property name="user.script" value=""/>
    <property name="user.home" value="C:\Users\KhaledBEDOUI"/>
    <property name="PUBLIC" value="C:\Users\Public"/>
    <property name="BUILD_TAG" value="jenkins-MyteckTestProject-1"/>
    <property name="JENKINS_SERVER_COOKIE" value="32618f63525155ba"/>
    <property name="HUDSON_URL" value="http://localhost:8080/"/>
    <property name="ProgramData" value="C:\ProgramData"/>
    <property name="java.version.date" value="2022-10-18"/>
    <property name="java.specification.vendor" value="Oracle Corporation"/>
    <property name="USERPROFILE" value="C:\Users\KhaledBEDOUI"/>
    <property name="CLASSPATH" value=""/>
    <property name="java.library.path" value="C:\Program Files\Java\jdk-17.0.5\bin;C:\Windows\Sun\Java\bin;C:\Windows\system32;C:\Windows;C:\Maven\apache-maven-3.8.8/bin;C:\Program Files\Common Files\Oracle\Java\javapath;C:\Program Files (x86)\Common Files\Oracle\Java\javapath;C:\Windows\system32;C:\Windows;C:\Windows\System32\Wbem;C:\Windows\System32\WindowsPowerShell\v1.0\;C:\Windows\System32\OpenSSH\;C:\Program Files\nodejs\;C:\Users\KhaledBEDOUI\AppData\Local\Android\Sdk\platform-tools;C:\Program Files\nodejs\node_modules\npm\bin;C:\Program Files\Docker\Docker\resources\bin;C:\Maven\apache-maven-3.8.8\bin;C:\Program Files\Java\jdk1.8.0_361\bin;C:\Users\KhaledBEDOUI\AppData\Local\Microsoft\WindowsApps;C:\Users\KhaledBEDOUI\AppData\Local\JetBrains\IntelliJ IDEA Community Edition 2022.3.1\bin;;C:\Users\KhaledBEDOUI\AppData\Local\GitHubDesktop\bin;C:\Users\KhaledBEDOUI\AppData\Local\Programs\Git\cmd;C:\Users\KhaledBEDOUI\AppData\Local\Programs\Microsoft VS Code\bin;C:\Users\KhaledBEDOUI\AppData\Roaming\npm;."/>
    <property name="java.vendor.url" value="https://java.oracle.com/"/>
    <property name="java.vm.vendor" value="Oracle Corporation"/>
    <property name="APPDATA" value="C:\Users\KhaledBEDOUI\AppData\Roaming"/>
    <property name="ZES_ENABLE_SYSMAN" value="1"/>
    <property name="Maven_Home" value="C:\Maven\apache-maven-3.8.8"/>
    <property name="java.runtime.name" value="Java(TM) SE Runtime Environment"/>
    <property name="maven.home" value="C:\Maven\apache-maven-3.8.8"/>
    <property name="java.class.path" value="C:\Users\KhaledBEDOUI\.jenkins\plugins\maven-plugin\WEB-INF\lib\maven35-agent-1.14.jar;C:\Maven\apache-maven-3.8.8\boot\plexus-classworlds-2.6.0.jar;C:\Maven\apache-maven-3.8.8/conf/logging"/>
    <property name="sun.java.command" value="jenkins.maven3.agent.Maven35Main C:\Maven\apache-maven-3.8.8 C:\Users\KhaledBEDOUI\.jenkins\war\WEB-INF\lib\remoting-3131.vf2b_b_798b_ce99.jar C:\Users\KhaledBEDOUI\.jenkins\plugins\maven-plugin\WEB-INF\lib\maven35-interceptor-1.14.jar C:\Users\KhaledBEDOUI\.jenkins\plugins\maven-plugin\WEB-INF\lib\maven3-interceptor-commons-1.14.jar 62959"/>
    <property name="native.encoding" value="Cp1252"/>
    <property name="Path" value="C:\Program Files\Common Files\Oracle\Java\javapath;C:\Program Files (x86)\Common Files\Oracle\Java\javapath;C:\Windows\system32;C:\Windows;C:\Windows\System32\Wbem;C:\Windows\System32\WindowsPowerShell\v1.0\;C:\Windows\System32\OpenSSH\;C:\Program Files\nodejs\;C:\Users\KhaledBEDOUI\AppData\Local\Android\Sdk\platform-tools;C:\Program Files\nodejs\node_modules\npm\bin;C:\Program Files\Docker\Docker\resources\bin;C:\Maven\apache-maven-3.8.8\bin;C:\Program Files\Java\jdk1.8.0_361\bin;C:\Users\KhaledBEDOUI\AppData\Local\Microsoft\WindowsApps;C:\Users\KhaledBEDOUI\AppData\Local\JetBrains\IntelliJ IDEA Community Edition 2022.3.1\bin;;C:\Users\KhaledBEDOUI\AppData\Local\GitHubDesktop\bin;C:\Users\KhaledBEDOUI\AppData\Local\Programs\Git\cmd;C:\Users\KhaledBEDOUI\AppData\Local\Programs\Microsoft VS Code\bin;C:\Users\KhaledBEDOUI\AppData\Roaming\npm"/>
    <property name="jdk.debug" value="release"/>
    <property name="PROCESSOR_ARCHITECTURE" value="AMD64"/>
    <property name="java.vm.specification.name" value="Java Virtual Machine Specification"/>
    <property name="jansi.mode" value="strip"/>
    <property name="SESSIONNAME" value="Console"/>
    <property name="PROCESSOR_IDENTIFIER" value="Intel64 Family 6 Model 154 Stepping 4, GenuineIntel"/>
    <property name="java.vm.specification.version" value="17"/>
    <property name="NODE_HOME" value="C:\Program Files\nodejs"/>
    <property name="M2_HOME" value="C:\Maven\apache-maven-3.8.8"/>
    <property name="sun.cpu.endian" value="little"/>
    <property name="sun.os.patch.level" value=""/>
    <property name="OS" value="Windows_NT"/>
    <property name="CI" value="true"/>
    <property name="java.io.tmpdir" value="C:\Users\KHALED~1\AppData\Local\Temp\"/>
    <property name="HUDSON_HOME" value="C:\Users\KhaledBEDOUI\.jenkins"/>
    <property name="PATH+MAVEN" value="C:\Maven\apache-maven-3.8.8/bin"/>
    <property name="ProgramFiles(x86)" value="C:\Program Files (x86)"/>
    <property name="java.vendor.url.bug" value="https://bugreport.java.com/bugreport/"/>
    <property name="BUILD_URL" value="http://localhost:8080/job/MyteckTestProject/1/"/>
    <property name="SystemRoot" value="C:\Windows"/>
    <property name="os.arch" value="amd64"/>
    <property name="user.dir" value="C:\Users\KhaledBEDOUI\IdeaProjects\TestMyteck"/>
    <property name="JOB_URL" value="http://localhost:8080/job/MyteckTestProject/"/>
    <property name="LOGONSERVER" value="\\DESKTOP-10F2RV2"/>
    <property name="USERDOMAIN" value="AzureAD"/>
    <property name="line.separator" value="
"/>
    <property name="java.vm.name" value="Java HotSpot(TM) 64-Bit Server VM"/>
    <property name="BUILD_NUMBER" value="1"/>
    <property name="PROCESSOR_REVISION" value="9a04"/>
    <property name="ANDROID_HOME" value="C:\Users\KhaledBEDOUI\AppData\Local\Android\Sdk"/>
    <property name="JENKINS_URL" value="http://localhost:8080/"/>
    <property name="ProgramW6432" value="C:\Program Files"/>
    <property name="windir" value="C:\Windows"/>
    <property name="=C:" value="C:\Users\KhaledBEDOUI\OneDrive - Mobelite\Desktop\Jenkins"/>
    <property name="file.encoding" value="Cp1252"/>
    <property name="SystemDrive" value="C:"/>
    <property name="maven3.interceptor" value="C:\Users\KhaledBEDOUI\.jenkins\plugins\maven-plugin\WEB-INF\lib\maven35-interceptor-1.14.jar"/>
    <property name="WORKSPACE_TMP" value="C:\Users\KhaledBEDOUI\.jenkins\workspace\MyteckTestProject@tmp"/>
    <property name="WORKSPACE" value="C:\Users\KhaledBEDOUI\.jenkins\workspace\MyteckTestProject"/>
    <property name="maven3.interceptor.common" value="C:\Users\KhaledBEDOUI\.jenkins\plugins\maven-plugin\WEB-INF\lib\maven3-interceptor-commons-1.14.jar"/>
    <property name="PSModulePath" value="C:\Program Files\WindowsPowerShell\Modules;C:\Windows\system32\WindowsPowerShell\v1.0\Modules"/>
    <property name="java.specification.version" value="17"/>
    <property name="DriverData" value="C:\Windows\System32\Drivers\DriverData"/>
  </properties>
  <testcase classname="login with valid email and password" name="user open the browser" time="5.507"/>
  <testcase classname="login with valid email and password" name="fill the email as &quot;testermob5@gmail.com&quot; and password as &quot;Test123&amp;&quot; and click on login button" time="7.81"/>
  <testcase classname="login with valid email and password" name="user should navigate at the homepage" time="5.075"/>
  <testcase classname="login with valid email and password" name="login with valid email and password" time="6.36"/>
</testsuite>